[debug] [2022-06-02T16:49:24.726Z] ----------------------------------------------------------------------
[debug] [2022-06-02T16:49:24.727Z] Command:       /Users/chul0721/.nvm/versions/node/v16.14.2/bin/node /Users/chul0721/.nvm/versions/node/v16.14.2/bin/firebase deploy --only functions
[debug] [2022-06-02T16:49:24.727Z] CLI Version:   11.0.1
[debug] [2022-06-02T16:49:24.727Z] Platform:      darwin
[debug] [2022-06-02T16:49:24.727Z] Node Version:  v16.14.2
[debug] [2022-06-02T16:49:24.728Z] Time:          Fri Jun 03 2022 01:49:24 GMT+0900 (대한민국 표준시)
[debug] [2022-06-02T16:49:24.728Z] ----------------------------------------------------------------------
[debug] 
[debug] [2022-06-02T16:49:24.756Z] > command requires scopes: ["email","openid","https://www.googleapis.com/auth/cloudplatformprojects.readonly","https://www.googleapis.com/auth/firebase","https://www.googleapis.com/auth/cloud-platform"]
[debug] [2022-06-02T16:49:24.756Z] > authorizing via signed-in user (hankookin0721@gmail.com)
[debug] [2022-06-02T16:49:24.756Z] [iam] checking project asked-chul0721 for permissions ["cloudfunctions.functions.create","cloudfunctions.functions.delete","cloudfunctions.functions.get","cloudfunctions.functions.list","cloudfunctions.functions.update","cloudfunctions.operations.get","firebase.projects.get"]
[debug] [2022-06-02T16:49:24.757Z] >>> [apiv2][query] POST https://cloudresourcemanager.googleapis.com/v1/projects/asked-chul0721:testIamPermissions [none]
[debug] [2022-06-02T16:49:24.757Z] >>> [apiv2][body] POST https://cloudresourcemanager.googleapis.com/v1/projects/asked-chul0721:testIamPermissions {"permissions":["cloudfunctions.functions.create","cloudfunctions.functions.delete","cloudfunctions.functions.get","cloudfunctions.functions.list","cloudfunctions.functions.update","cloudfunctions.operations.get","firebase.projects.get"]}
[debug] [2022-06-02T16:49:25.521Z] <<< [apiv2][status] POST https://cloudresourcemanager.googleapis.com/v1/projects/asked-chul0721:testIamPermissions 200
[debug] [2022-06-02T16:49:25.522Z] <<< [apiv2][body] POST https://cloudresourcemanager.googleapis.com/v1/projects/asked-chul0721:testIamPermissions {"permissions":["cloudfunctions.functions.create","cloudfunctions.functions.delete","cloudfunctions.functions.get","cloudfunctions.functions.list","cloudfunctions.functions.update","cloudfunctions.operations.get","firebase.projects.get"]}
[debug] [2022-06-02T16:49:25.522Z] >>> [apiv2][query] POST https://iam.googleapis.com/v1/projects/asked-chul0721/serviceAccounts/asked-chul0721@appspot.gserviceaccount.com:testIamPermissions [none]
[debug] [2022-06-02T16:49:25.522Z] >>> [apiv2][body] POST https://iam.googleapis.com/v1/projects/asked-chul0721/serviceAccounts/asked-chul0721@appspot.gserviceaccount.com:testIamPermissions {"permissions":["iam.serviceAccounts.actAs"]}
[debug] [2022-06-02T16:49:26.348Z] <<< [apiv2][status] POST https://iam.googleapis.com/v1/projects/asked-chul0721/serviceAccounts/asked-chul0721@appspot.gserviceaccount.com:testIamPermissions 200
[debug] [2022-06-02T16:49:26.349Z] <<< [apiv2][body] POST https://iam.googleapis.com/v1/projects/asked-chul0721/serviceAccounts/asked-chul0721@appspot.gserviceaccount.com:testIamPermissions {"permissions":["iam.serviceAccounts.actAs"]}
[info] 
[info] === Deploying to 'asked-chul0721'...
[info] 
[info] i  deploying functions 
[info] Running command: npm --prefix "$RESOURCE_DIR" run build
[info] ✔  functions: Finished running predeploy script. 
[debug] [2022-06-02T16:49:28.597Z] >>> [apiv2][query] GET https://firebase.googleapis.com/v1beta1/projects/asked-chul0721 [none]
[debug] [2022-06-02T16:49:29.060Z] <<< [apiv2][status] GET https://firebase.googleapis.com/v1beta1/projects/asked-chul0721 200
[debug] [2022-06-02T16:49:29.060Z] <<< [apiv2][body] GET https://firebase.googleapis.com/v1beta1/projects/asked-chul0721 {"projectId":"asked-chul0721","projectNumber":"1088788504559","displayName":"asked-chul0721","name":"projects/asked-chul0721","resources":{"hostingSite":"asked-chul0721"},"state":"ACTIVE"}
[info] i  functions: ensuring required API cloudfunctions.googleapis.com is enabled... 
[info] i  functions: ensuring required API cloudbuild.googleapis.com is enabled... 
[debug] [2022-06-02T16:49:29.062Z] >>> [apiv2][query] GET https://serviceusage.googleapis.com/v1/projects/asked-chul0721/services/cloudfunctions.googleapis.com [none]
[debug] [2022-06-02T16:49:29.063Z] >>> [apiv2][query] GET https://serviceusage.googleapis.com/v1/projects/asked-chul0721/services/runtimeconfig.googleapis.com [none]
[debug] [2022-06-02T16:49:29.064Z] >>> [apiv2][query] GET https://serviceusage.googleapis.com/v1/projects/asked-chul0721/services/cloudbuild.googleapis.com [none]
[debug] [2022-06-02T16:49:29.064Z] >>> [apiv2][query] GET https://serviceusage.googleapis.com/v1/projects/asked-chul0721/services/artifactregistry.googleapis.com [none]
[debug] [2022-06-02T16:49:30.295Z] <<< [apiv2][status] GET https://serviceusage.googleapis.com/v1/projects/asked-chul0721/services/artifactregistry.googleapis.com 200
[debug] [2022-06-02T16:49:30.295Z] <<< [apiv2][body] GET https://serviceusage.googleapis.com/v1/projects/asked-chul0721/services/artifactregistry.googleapis.com [omitted]
[debug] [2022-06-02T16:49:30.296Z] <<< [apiv2][status] GET https://serviceusage.googleapis.com/v1/projects/asked-chul0721/services/runtimeconfig.googleapis.com 200
[debug] [2022-06-02T16:49:30.296Z] <<< [apiv2][body] GET https://serviceusage.googleapis.com/v1/projects/asked-chul0721/services/runtimeconfig.googleapis.com [omitted]
[debug] [2022-06-02T16:49:30.297Z] <<< [apiv2][status] GET https://serviceusage.googleapis.com/v1/projects/asked-chul0721/services/cloudfunctions.googleapis.com 200
[debug] [2022-06-02T16:49:30.297Z] <<< [apiv2][body] GET https://serviceusage.googleapis.com/v1/projects/asked-chul0721/services/cloudfunctions.googleapis.com [omitted]
[info] ✔  functions: required API cloudfunctions.googleapis.com is enabled 
[debug] [2022-06-02T16:49:30.298Z] <<< [apiv2][status] GET https://serviceusage.googleapis.com/v1/projects/asked-chul0721/services/cloudbuild.googleapis.com 200
[debug] [2022-06-02T16:49:30.298Z] <<< [apiv2][body] GET https://serviceusage.googleapis.com/v1/projects/asked-chul0721/services/cloudbuild.googleapis.com [omitted]
[info] ✔  functions: required API cloudbuild.googleapis.com is enabled 
[debug] [2022-06-02T16:49:30.298Z] >>> [apiv2][query] GET https://firebase.googleapis.com/v1beta1/projects/asked-chul0721/adminSdkConfig [none]
[debug] [2022-06-02T16:49:30.762Z] <<< [apiv2][status] GET https://firebase.googleapis.com/v1beta1/projects/asked-chul0721/adminSdkConfig 200
[debug] [2022-06-02T16:49:30.763Z] <<< [apiv2][body] GET https://firebase.googleapis.com/v1beta1/projects/asked-chul0721/adminSdkConfig {"projectId":"asked-chul0721","storageBucket":"asked-chul0721.appspot.com"}
[debug] [2022-06-02T16:49:30.764Z] >>> [apiv2][query] GET https://runtimeconfig.googleapis.com/v1beta1/projects/asked-chul0721/configs [none]
[debug] [2022-06-02T16:49:31.311Z] <<< [apiv2][status] GET https://runtimeconfig.googleapis.com/v1beta1/projects/asked-chul0721/configs 200
[debug] [2022-06-02T16:49:31.312Z] <<< [apiv2][body] GET https://runtimeconfig.googleapis.com/v1beta1/projects/asked-chul0721/configs {}
[info] i  functions: preparing codebase default for deployment 
[debug] [2022-06-02T16:49:31.314Z] Validating nodejs source
[debug] [2022-06-02T16:49:31.918Z] > [functions] package.json contents: {
  "name": "functions",
  "scripts": {
    "build": "tsc",
    "build:watch": "tsc --watch",
    "serve": "npm run build && firebase emulators:start --only functions",
    "shell": "npm run build && firebase functions:shell",
    "start": "npm run shell",
    "deploy": "firebase deploy --only functions",
    "logs": "firebase functions:log"
  },
  "engines": {
    "node": "16"
  },
  "main": "lib/index.js",
  "dependencies": {
    "@fastify/cors": "^7.0.0",
    "@koa/cors": "^3.3.0",
    "@prisma/client": "^3.14.0",
    "cors": "^2.8.5",
    "dotenv": "^16.0.1",
    "firebase-admin": "^10.2.0",
    "firebase-functions": "^3.21.0",
    "koa": "^2.13.4",
    "koa-bodyparser": "^4.3.0",
    "koa-router": "^10.1.1",
    "prisma": "^3.14.0"
  },
  "devDependencies": {
    "@types/koa": "^2.13.4",
    "@types/koa-bodyparser": "^4.3.7",
    "@types/koa-router": "^7.4.4",
    "@types/koa__cors": "^3.3.0",
    "@types/koa__router": "^8.0.11",
    "@types/node": "^17.0.38",
    "prettier": "2.6.2",
    "typescript": "^4.6.4"
  },
  "private": true
}
[debug] [2022-06-02T16:49:31.919Z] Building nodejs source
[info] i  functions: Loaded environment variables from .env. 
[debug] [2022-06-02T16:49:31.920Z] Analyzing nodejs backend spec
[debug] [2022-06-02T16:49:31.921Z] Could not find functions.yaml. Must use http discovery
[debug] [2022-06-02T16:49:32.025Z] Serving at port 9005

[debug] [2022-06-02T16:49:32.158Z] Got response from /__/functions.yaml {"endpoints":{"asked":{"platform":"gcfv1","httpsTrigger":{},"entryPoint":"asked"}},"specVersion":"v1alpha1","requiredAPIs":[]}
[debug] [2022-06-02T16:49:32.175Z] shutdown requested via /__/quitquitquit

[info] i  functions: preparing functions directory for uploading... 
[info] i  functions: packaged /Users/chul0721/Documents/asked_backend/functions (47.37 KB) for uploading 
[debug] [2022-06-02T16:49:32.216Z] >>> [apiv2][query] GET https://cloudfunctions.googleapis.com/v1/projects/asked-chul0721/locations/-/functions [none]
[debug] [2022-06-02T16:49:33.950Z] <<< [apiv2][status] GET https://cloudfunctions.googleapis.com/v1/projects/asked-chul0721/locations/-/functions 200
[debug] [2022-06-02T16:49:33.950Z] <<< [apiv2][body] GET https://cloudfunctions.googleapis.com/v1/projects/asked-chul0721/locations/-/functions {"functions":[{"name":"projects/asked-chul0721/locations/us-central1/functions/asked","httpsTrigger":{"url":"https://us-central1-asked-chul0721.cloudfunctions.net/asked","securityLevel":"SECURE_ALWAYS"},"status":"ACTIVE","entryPoint":"asked","timeout":"60s","availableMemoryMb":256,"serviceAccountEmail":"asked-chul0721@appspot.gserviceaccount.com","updateTime":"2022-06-02T16:47:47.628Z","versionId":"30","labels":{"deployment-tool":"cli-firebase"},"sourceUploadUrl":"https://storage.googleapis.com/uploads-610481010012.us-central1.cloudfunctions.appspot.com/8c349af8-d8c5-4b4e-9e00-2df80e7d3623.zip","environmentVariables":{"DATABASE_URL":"postgresql://postgres:chul0721@chul0721.iptime.org:5432/postgres?schema=public","SECRET_KEY":"j;lkasdfjrg@35rwghusfiojvkE;GJILA;SJQFUSIFDjhsa,klfg","FIREBASE_CONFIG":"{\"projectId\":\"asked-chul0721\",\"storageBucket\":\"asked-chul0721.appspot.com\"}","GCLOUD_PROJECT":"asked-chul0721"},"runtime":"nodejs16","ingressSettings":"ALLOW_ALL","buildId":"3a5e1ebd-3bb1-4f11-9cc0-b326bf11e291","buildName":"projects/1088788504559/locations/us-central1/builds/3a5e1ebd-3bb1-4f11-9cc0-b326bf11e291","dockerRegistry":"CONTAINER_REGISTRY"}]}
[debug] [2022-06-02T16:49:33.951Z] >>> [apiv2][query] GET https://cloudfunctions.googleapis.com/v2alpha/projects/asked-chul0721/locations/-/functions [none]
[debug] [2022-06-02T16:49:35.514Z] <<< [apiv2][status] GET https://cloudfunctions.googleapis.com/v2alpha/projects/asked-chul0721/locations/-/functions 200
[debug] [2022-06-02T16:49:35.514Z] <<< [apiv2][body] GET https://cloudfunctions.googleapis.com/v2alpha/projects/asked-chul0721/locations/-/functions {}
[debug] [2022-06-02T16:49:35.530Z] >>> [apiv2][query] GET https://firebase.googleapis.com/v1beta1/projects/asked-chul0721 [none]
[debug] [2022-06-02T16:49:35.899Z] <<< [apiv2][status] GET https://firebase.googleapis.com/v1beta1/projects/asked-chul0721 200
[debug] [2022-06-02T16:49:35.899Z] <<< [apiv2][body] GET https://firebase.googleapis.com/v1beta1/projects/asked-chul0721 {"projectId":"asked-chul0721","projectNumber":"1088788504559","displayName":"asked-chul0721","name":"projects/asked-chul0721","resources":{"hostingSite":"asked-chul0721"},"state":"ACTIVE"}
[debug] [2022-06-02T16:49:35.901Z] >>> [apiv2][query] POST https://cloudfunctions.googleapis.com/v1/projects/asked-chul0721/locations/us-central1/functions:generateUploadUrl [none]
[debug] [2022-06-02T16:49:35.901Z] >>> [apiv2][body] POST https://cloudfunctions.googleapis.com/v1/projects/asked-chul0721/locations/us-central1/functions:generateUploadUrl {}
[debug] [2022-06-02T16:49:36.779Z] <<< [apiv2][status] POST https://cloudfunctions.googleapis.com/v1/projects/asked-chul0721/locations/us-central1/functions:generateUploadUrl 200
[debug] [2022-06-02T16:49:36.780Z] <<< [apiv2][body] POST https://cloudfunctions.googleapis.com/v1/projects/asked-chul0721/locations/us-central1/functions:generateUploadUrl {"uploadUrl":"https://storage.googleapis.com/uploads-610481010012.us-central1.cloudfunctions.appspot.com/275dc580-23ef-4403-b08b-3e392409341f.zip?GoogleAccessId=service-1088788504559@gcf-admin-robot.iam.gserviceaccount.com&Expires=1654190376&Signature=a0lmdiQn4zkzWY2f%2FiI%2BVSQYxAA78v%2FdP7lTk0R2W%2BLPxnfvPA%2FTPO%2BuIHrISROfUSdt7rdBAO03%2FFpSzu1pbKprp9cx%2FYEb3NMazVNFNrnjEcpP3bmFHis%2B1DxFq59ihetyE0b%2B1riIbt%2Fp3p%2Fv7m9PjYKpIOGi9vfEvY%2FUXclsDLHfKa3modmYQAi%2BL5g7OwU3KH%2BYY4Fpk%2BBuwN8JruXxDAsxQ8HCwiNuwdNG%2F8vOrRWR86zDkeJd3r8QWYh9jLMuW%2FfAdBIgTRuMmpk7RjscpjHaj%2FptNfJMrDyfaz3J4Gz6YVlqHu1mt9qE4vMyxeuxFnIL6i93Qcqv4nluKQ%3D%3D"}
[debug] [2022-06-02T16:49:36.782Z] >>> [apiv2][query] PUT https://storage.googleapis.com/uploads-610481010012.us-central1.cloudfunctions.appspot.com/275dc580-23ef-4403-b08b-3e392409341f.zip GoogleAccessId=service-1088788504559%40gcf-admin-robot.iam.gserviceaccount.com&Expires=1654190376&Signature=a0lmdiQn4zkzWY2f%2FiI%2BVSQYxAA78v%2FdP7lTk0R2W%2BLPxnfvPA%2FTPO%2BuIHrISROfUSdt7rdBAO03%2FFpSzu1pbKprp9cx%2FYEb3NMazVNFNrnjEcpP3bmFHis%2B1DxFq59ihetyE0b%2B1riIbt%2Fp3p%2Fv7m9PjYKpIOGi9vfEvY%2FUXclsDLHfKa3modmYQAi%2BL5g7OwU3KH%2BYY4Fpk%2BBuwN8JruXxDAsxQ8HCwiNuwdNG%2F8vOrRWR86zDkeJd3r8QWYh9jLMuW%2FfAdBIgTRuMmpk7RjscpjHaj%2FptNfJMrDyfaz3J4Gz6YVlqHu1mt9qE4vMyxeuxFnIL6i93Qcqv4nluKQ%3D%3D
[debug] [2022-06-02T16:49:36.782Z] >>> [apiv2][body] PUT https://storage.googleapis.com/uploads-610481010012.us-central1.cloudfunctions.appspot.com/275dc580-23ef-4403-b08b-3e392409341f.zip [stream]
[debug] [2022-06-02T16:49:37.184Z] <<< [apiv2][status] PUT https://storage.googleapis.com/uploads-610481010012.us-central1.cloudfunctions.appspot.com/275dc580-23ef-4403-b08b-3e392409341f.zip 200
[debug] [2022-06-02T16:49:37.185Z] <<< [apiv2][body] PUT https://storage.googleapis.com/uploads-610481010012.us-central1.cloudfunctions.appspot.com/275dc580-23ef-4403-b08b-3e392409341f.zip [omitted]
[info] ✔  functions: functions folder uploaded successfully 
[info] i  functions: updating Node.js 16 function asked(us-central1)... 
[debug] [2022-06-02T16:49:37.188Z] >>> [apiv2][query] PATCH https://cloudfunctions.googleapis.com/v1/projects/asked-chul0721/locations/us-central1/functions/asked updateMask=name%2CsourceUploadUrl%2CentryPoint%2Cruntime%2Clabels%2ChttpsTrigger.securityLevel%2CavailableMemoryMb%2CenvironmentVariables%2CsourceToken
[debug] [2022-06-02T16:49:37.188Z] >>> [apiv2][body] PATCH https://cloudfunctions.googleapis.com/v1/projects/asked-chul0721/locations/us-central1/functions/asked {"name":"projects/asked-chul0721/locations/us-central1/functions/asked","sourceUploadUrl":"https://storage.googleapis.com/uploads-610481010012.us-central1.cloudfunctions.appspot.com/275dc580-23ef-4403-b08b-3e392409341f.zip?GoogleAccessId=service-1088788504559@gcf-admin-robot.iam.gserviceaccount.com&Expires=1654190376&Signature=a0lmdiQn4zkzWY2f%2FiI%2BVSQYxAA78v%2FdP7lTk0R2W%2BLPxnfvPA%2FTPO%2BuIHrISROfUSdt7rdBAO03%2FFpSzu1pbKprp9cx%2FYEb3NMazVNFNrnjEcpP3bmFHis%2B1DxFq59ihetyE0b%2B1riIbt%2Fp3p%2Fv7m9PjYKpIOGi9vfEvY%2FUXclsDLHfKa3modmYQAi%2BL5g7OwU3KH%2BYY4Fpk%2BBuwN8JruXxDAsxQ8HCwiNuwdNG%2F8vOrRWR86zDkeJd3r8QWYh9jLMuW%2FfAdBIgTRuMmpk7RjscpjHaj%2FptNfJMrDyfaz3J4Gz6YVlqHu1mt9qE4vMyxeuxFnIL6i93Qcqv4nluKQ%3D%3D","entryPoint":"asked","runtime":"nodejs16","labels":{"deployment-tool":"cli-firebase"},"httpsTrigger":{"securityLevel":"SECURE_ALWAYS"},"availableMemoryMb":256,"environmentVariables":{"DATABASE_URL":"postgresql://postgres:chul0721@chul0721.iptime.org:5432/postgres?schema=public","SECRET_KEY":"j;lkasdfjrg@35rwghusfiojvkE;GJILA;SJQFUSIFDjhsa,klfg","FIREBASE_CONFIG":"{\"projectId\":\"asked-chul0721\",\"storageBucket\":\"asked-chul0721.appspot.com\"}","GCLOUD_PROJECT":"asked-chul0721"}}
[debug] [2022-06-02T16:49:38.087Z] <<< [apiv2][status] PATCH https://cloudfunctions.googleapis.com/v1/projects/asked-chul0721/locations/us-central1/functions/asked 200
[debug] [2022-06-02T16:49:38.087Z] <<< [apiv2][body] PATCH https://cloudfunctions.googleapis.com/v1/projects/asked-chul0721/locations/us-central1/functions/asked {"name":"operations/YXNrZWQtY2h1bDA3MjEvdXMtY2VudHJhbDEvYXNrZWQvT0tORVBrc0l6Rlk","metadata":{"@type":"type.googleapis.com/google.cloud.functions.v1.OperationMetadataV1","target":"projects/asked-chul0721/locations/us-central1/functions/asked","type":"UPDATE_FUNCTION","request":{"@type":"type.googleapis.com/google.cloud.functions.v1.CloudFunction","name":"projects/asked-chul0721/locations/us-central1/functions/asked","httpsTrigger":{"url":"https://us-central1-asked-chul0721.cloudfunctions.net/asked","securityLevel":"SECURE_ALWAYS"},"status":"ACTIVE","entryPoint":"asked","timeout":"60s","availableMemoryMb":256,"serviceAccountEmail":"asked-chul0721@appspot.gserviceaccount.com","updateTime":"2022-06-02T16:47:47.628Z","versionId":"30","labels":{"deployment-tool":"cli-firebase"},"sourceUploadUrl":"https://storage.googleapis.com/uploads-610481010012.us-central1.cloudfunctions.appspot.com/275dc580-23ef-4403-b08b-3e392409341f.zip?GoogleAccessId=service-1088788504559@gcf-admin-robot.iam.gserviceaccount.com&Expires=1654190376&Signature=a0lmdiQn4zkzWY2f%2FiI%2BVSQYxAA78v%2FdP7lTk0R2W%2BLPxnfvPA%2FTPO%2BuIHrISROfUSdt7rdBAO03%2FFpSzu1pbKprp9cx%2FYEb3NMazVNFNrnjEcpP3bmFHis%2B1DxFq59ihetyE0b%2B1riIbt%2Fp3p%2Fv7m9PjYKpIOGi9vfEvY%2FUXclsDLHfKa3modmYQAi%2BL5g7OwU3KH%2BYY4Fpk%2BBuwN8JruXxDAsxQ8HCwiNuwdNG%2F8vOrRWR86zDkeJd3r8QWYh9jLMuW%2FfAdBIgTRuMmpk7RjscpjHaj%2FptNfJMrDyfaz3J4Gz6YVlqHu1mt9qE4vMyxeuxFnIL6i93Qcqv4nluKQ%3D%3D","environmentVariables":{"DATABASE_URL":"postgresql://postgres:chul0721@chul0721.iptime.org:5432/postgres?schema=public","SECRET_KEY":"j;lkasdfjrg@35rwghusfiojvkE;GJILA;SJQFUSIFDjhsa,klfg","FIREBASE_CONFIG":"{\"projectId\":\"asked-chul0721\",\"storageBucket\":\"asked-chul0721.appspot.com\"}","GCLOUD_PROJECT":"asked-chul0721"},"runtime":"nodejs16","ingressSettings":"ALLOW_ALL","buildId":"3a5e1ebd-3bb1-4f11-9cc0-b326bf11e291","buildName":"projects/1088788504559/locations/us-central1/builds/3a5e1ebd-3bb1-4f11-9cc0-b326bf11e291","dockerRegistry":"CONTAINER_REGISTRY"},"versionId":"31","updateTime":"2022-06-02T16:49:38Z"}}
[debug] [2022-06-02T16:49:38.089Z] >>> [apiv2][query] GET https://cloudfunctions.googleapis.com/v1/operations/YXNrZWQtY2h1bDA3MjEvdXMtY2VudHJhbDEvYXNrZWQvT0tORVBrc0l6Rlk [none]
[debug] [2022-06-02T16:49:38.792Z] <<< [apiv2][status] GET https://cloudfunctions.googleapis.com/v1/operations/YXNrZWQtY2h1bDA3MjEvdXMtY2VudHJhbDEvYXNrZWQvT0tORVBrc0l6Rlk 200
[debug] [2022-06-02T16:49:38.792Z] <<< [apiv2][body] GET https://cloudfunctions.googleapis.com/v1/operations/YXNrZWQtY2h1bDA3MjEvdXMtY2VudHJhbDEvYXNrZWQvT0tORVBrc0l6Rlk {"name":"operations/YXNrZWQtY2h1bDA3MjEvdXMtY2VudHJhbDEvYXNrZWQvT0tORVBrc0l6Rlk","metadata":{"@type":"type.googleapis.com/google.cloud.functions.v1.OperationMetadataV1","target":"projects/asked-chul0721/locations/us-central1/functions/asked","type":"UPDATE_FUNCTION","request":{"@type":"type.googleapis.com/google.cloud.functions.v1.CloudFunction","name":"projects/asked-chul0721/locations/us-central1/functions/asked","httpsTrigger":{"url":"https://us-central1-asked-chul0721.cloudfunctions.net/asked","securityLevel":"SECURE_ALWAYS"},"status":"ACTIVE","entryPoint":"asked","timeout":"60s","availableMemoryMb":256,"serviceAccountEmail":"asked-chul0721@appspot.gserviceaccount.com","updateTime":"2022-06-02T16:47:47.628Z","versionId":"30","labels":{"deployment-tool":"cli-firebase"},"sourceUploadUrl":"https://storage.googleapis.com/uploads-610481010012.us-central1.cloudfunctions.appspot.com/275dc580-23ef-4403-b08b-3e392409341f.zip?GoogleAccessId=service-1088788504559@gcf-admin-robot.iam.gserviceaccount.com&Expires=1654190376&Signature=a0lmdiQn4zkzWY2f%2FiI%2BVSQYxAA78v%2FdP7lTk0R2W%2BLPxnfvPA%2FTPO%2BuIHrISROfUSdt7rdBAO03%2FFpSzu1pbKprp9cx%2FYEb3NMazVNFNrnjEcpP3bmFHis%2B1DxFq59ihetyE0b%2B1riIbt%2Fp3p%2Fv7m9PjYKpIOGi9vfEvY%2FUXclsDLHfKa3modmYQAi%2BL5g7OwU3KH%2BYY4Fpk%2BBuwN8JruXxDAsxQ8HCwiNuwdNG%2F8vOrRWR86zDkeJd3r8QWYh9jLMuW%2FfAdBIgTRuMmpk7RjscpjHaj%2FptNfJMrDyfaz3J4Gz6YVlqHu1mt9qE4vMyxeuxFnIL6i93Qcqv4nluKQ%3D%3D","environmentVariables":{"DATABASE_URL":"postgresql://postgres:chul0721@chul0721.iptime.org:5432/postgres?schema=public","SECRET_KEY":"j;lkasdfjrg@35rwghusfiojvkE;GJILA;SJQFUSIFDjhsa,klfg","FIREBASE_CONFIG":"{\"projectId\":\"asked-chul0721\",\"storageBucket\":\"asked-chul0721.appspot.com\"}","GCLOUD_PROJECT":"asked-chul0721"},"runtime":"nodejs16","ingressSettings":"ALLOW_ALL","buildId":"3a5e1ebd-3bb1-4f11-9cc0-b326bf11e291","buildName":"projects/1088788504559/locations/us-central1/builds/3a5e1ebd-3bb1-4f11-9cc0-b326bf11e291","dockerRegistry":"CONTAINER_REGISTRY"},"versionId":"31","updateTime":"2022-06-02T16:49:38Z"}}
[debug] [2022-06-02T16:49:39.295Z] [update-default-us-central1-asked] Retrying task index 0
[debug] [2022-06-02T16:49:39.297Z] >>> [apiv2][query] GET https://cloudfunctions.googleapis.com/v1/operations/YXNrZWQtY2h1bDA3MjEvdXMtY2VudHJhbDEvYXNrZWQvT0tORVBrc0l6Rlk [none]
[debug] [2022-06-02T16:49:39.889Z] <<< [apiv2][status] GET https://cloudfunctions.googleapis.com/v1/operations/YXNrZWQtY2h1bDA3MjEvdXMtY2VudHJhbDEvYXNrZWQvT0tORVBrc0l6Rlk 200
[debug] [2022-06-02T16:49:39.889Z] <<< [apiv2][body] GET https://cloudfunctions.googleapis.com/v1/operations/YXNrZWQtY2h1bDA3MjEvdXMtY2VudHJhbDEvYXNrZWQvT0tORVBrc0l6Rlk {"name":"operations/YXNrZWQtY2h1bDA3MjEvdXMtY2VudHJhbDEvYXNrZWQvT0tORVBrc0l6Rlk","metadata":{"@type":"type.googleapis.com/google.cloud.functions.v1.OperationMetadataV1","target":"projects/asked-chul0721/locations/us-central1/functions/asked","type":"UPDATE_FUNCTION","request":{"@type":"type.googleapis.com/google.cloud.functions.v1.CloudFunction","name":"projects/asked-chul0721/locations/us-central1/functions/asked","httpsTrigger":{"url":"https://us-central1-asked-chul0721.cloudfunctions.net/asked","securityLevel":"SECURE_ALWAYS"},"status":"ACTIVE","entryPoint":"asked","timeout":"60s","availableMemoryMb":256,"serviceAccountEmail":"asked-chul0721@appspot.gserviceaccount.com","updateTime":"2022-06-02T16:47:47.628Z","versionId":"30","labels":{"deployment-tool":"cli-firebase"},"sourceUploadUrl":"https://storage.googleapis.com/uploads-610481010012.us-central1.cloudfunctions.appspot.com/275dc580-23ef-4403-b08b-3e392409341f.zip?GoogleAccessId=service-1088788504559@gcf-admin-robot.iam.gserviceaccount.com&Expires=1654190376&Signature=a0lmdiQn4zkzWY2f%2FiI%2BVSQYxAA78v%2FdP7lTk0R2W%2BLPxnfvPA%2FTPO%2BuIHrISROfUSdt7rdBAO03%2FFpSzu1pbKprp9cx%2FYEb3NMazVNFNrnjEcpP3bmFHis%2B1DxFq59ihetyE0b%2B1riIbt%2Fp3p%2Fv7m9PjYKpIOGi9vfEvY%2FUXclsDLHfKa3modmYQAi%2BL5g7OwU3KH%2BYY4Fpk%2BBuwN8JruXxDAsxQ8HCwiNuwdNG%2F8vOrRWR86zDkeJd3r8QWYh9jLMuW%2FfAdBIgTRuMmpk7RjscpjHaj%2FptNfJMrDyfaz3J4Gz6YVlqHu1mt9qE4vMyxeuxFnIL6i93Qcqv4nluKQ%3D%3D","environmentVariables":{"DATABASE_URL":"postgresql://postgres:chul0721@chul0721.iptime.org:5432/postgres?schema=public","SECRET_KEY":"j;lkasdfjrg@35rwghusfiojvkE;GJILA;SJQFUSIFDjhsa,klfg","FIREBASE_CONFIG":"{\"projectId\":\"asked-chul0721\",\"storageBucket\":\"asked-chul0721.appspot.com\"}","GCLOUD_PROJECT":"asked-chul0721"},"runtime":"nodejs16","ingressSettings":"ALLOW_ALL","buildId":"3a5e1ebd-3bb1-4f11-9cc0-b326bf11e291","buildName":"projects/1088788504559/locations/us-central1/builds/3a5e1ebd-3bb1-4f11-9cc0-b326bf11e291","dockerRegistry":"CONTAINER_REGISTRY"},"versionId":"31","updateTime":"2022-06-02T16:49:38Z","buildId":"98db71b1-6006-493e-b301-627bbdca3da4","buildName":"projects/1088788504559/locations/us-central1/builds/98db71b1-6006-493e-b301-627bbdca3da4"}}
[debug] [2022-06-02T16:49:40.891Z] [update-default-us-central1-asked] Retrying task index 0
[debug] [2022-06-02T16:49:40.891Z] >>> [apiv2][query] GET https://cloudfunctions.googleapis.com/v1/operations/YXNrZWQtY2h1bDA3MjEvdXMtY2VudHJhbDEvYXNrZWQvT0tORVBrc0l6Rlk [none]
[debug] [2022-06-02T16:49:41.556Z] <<< [apiv2][status] GET https://cloudfunctions.googleapis.com/v1/operations/YXNrZWQtY2h1bDA3MjEvdXMtY2VudHJhbDEvYXNrZWQvT0tORVBrc0l6Rlk 200
[debug] [2022-06-02T16:49:41.556Z] <<< [apiv2][body] GET https://cloudfunctions.googleapis.com/v1/operations/YXNrZWQtY2h1bDA3MjEvdXMtY2VudHJhbDEvYXNrZWQvT0tORVBrc0l6Rlk {"name":"operations/YXNrZWQtY2h1bDA3MjEvdXMtY2VudHJhbDEvYXNrZWQvT0tORVBrc0l6Rlk","metadata":{"@type":"type.googleapis.com/google.cloud.functions.v1.OperationMetadataV1","target":"projects/asked-chul0721/locations/us-central1/functions/asked","type":"UPDATE_FUNCTION","request":{"@type":"type.googleapis.com/google.cloud.functions.v1.CloudFunction","name":"projects/asked-chul0721/locations/us-central1/functions/asked","httpsTrigger":{"url":"https://us-central1-asked-chul0721.cloudfunctions.net/asked","securityLevel":"SECURE_ALWAYS"},"status":"ACTIVE","entryPoint":"asked","timeout":"60s","availableMemoryMb":256,"serviceAccountEmail":"asked-chul0721@appspot.gserviceaccount.com","updateTime":"2022-06-02T16:47:47.628Z","versionId":"30","labels":{"deployment-tool":"cli-firebase"},"sourceUploadUrl":"https://storage.googleapis.com/uploads-610481010012.us-central1.cloudfunctions.appspot.com/275dc580-23ef-4403-b08b-3e392409341f.zip?GoogleAccessId=service-1088788504559@gcf-admin-robot.iam.gserviceaccount.com&Expires=1654190376&Signature=a0lmdiQn4zkzWY2f%2FiI%2BVSQYxAA78v%2FdP7lTk0R2W%2BLPxnfvPA%2FTPO%2BuIHrISROfUSdt7rdBAO03%2FFpSzu1pbKprp9cx%2FYEb3NMazVNFNrnjEcpP3bmFHis%2B1DxFq59ihetyE0b%2B1riIbt%2Fp3p%2Fv7m9PjYKpIOGi9vfEvY%2FUXclsDLHfKa3modmYQAi%2BL5g7OwU3KH%2BYY4Fpk%2BBuwN8JruXxDAsxQ8HCwiNuwdNG%2F8vOrRWR86zDkeJd3r8QWYh9jLMuW%2FfAdBIgTRuMmpk7RjscpjHaj%2FptNfJMrDyfaz3J4Gz6YVlqHu1mt9qE4vMyxeuxFnIL6i93Qcqv4nluKQ%3D%3D","environmentVariables":{"DATABASE_URL":"postgresql://postgres:chul0721@chul0721.iptime.org:5432/postgres?schema=public","SECRET_KEY":"j;lkasdfjrg@35rwghusfiojvkE;GJILA;SJQFUSIFDjhsa,klfg","FIREBASE_CONFIG":"{\"projectId\":\"asked-chul0721\",\"storageBucket\":\"asked-chul0721.appspot.com\"}","GCLOUD_PROJECT":"asked-chul0721"},"runtime":"nodejs16","ingressSettings":"ALLOW_ALL","buildId":"3a5e1ebd-3bb1-4f11-9cc0-b326bf11e291","buildName":"projects/1088788504559/locations/us-central1/builds/3a5e1ebd-3bb1-4f11-9cc0-b326bf11e291","dockerRegistry":"CONTAINER_REGISTRY"},"versionId":"31","updateTime":"2022-06-02T16:49:38Z","buildId":"98db71b1-6006-493e-b301-627bbdca3da4","buildName":"projects/1088788504559/locations/us-central1/builds/98db71b1-6006-493e-b301-627bbdca3da4"}}
[debug] [2022-06-02T16:49:43.558Z] [update-default-us-central1-asked] Retrying task index 0
[debug] [2022-06-02T16:49:43.559Z] >>> [apiv2][query] GET https://cloudfunctions.googleapis.com/v1/operations/YXNrZWQtY2h1bDA3MjEvdXMtY2VudHJhbDEvYXNrZWQvT0tORVBrc0l6Rlk [none]
[debug] [2022-06-02T16:49:44.216Z] <<< [apiv2][status] GET https://cloudfunctions.googleapis.com/v1/operations/YXNrZWQtY2h1bDA3MjEvdXMtY2VudHJhbDEvYXNrZWQvT0tORVBrc0l6Rlk 200
[debug] [2022-06-02T16:49:44.216Z] <<< [apiv2][body] GET https://cloudfunctions.googleapis.com/v1/operations/YXNrZWQtY2h1bDA3MjEvdXMtY2VudHJhbDEvYXNrZWQvT0tORVBrc0l6Rlk {"name":"operations/YXNrZWQtY2h1bDA3MjEvdXMtY2VudHJhbDEvYXNrZWQvT0tORVBrc0l6Rlk","metadata":{"@type":"type.googleapis.com/google.cloud.functions.v1.OperationMetadataV1","target":"projects/asked-chul0721/locations/us-central1/functions/asked","type":"UPDATE_FUNCTION","request":{"@type":"type.googleapis.com/google.cloud.functions.v1.CloudFunction","name":"projects/asked-chul0721/locations/us-central1/functions/asked","httpsTrigger":{"url":"https://us-central1-asked-chul0721.cloudfunctions.net/asked","securityLevel":"SECURE_ALWAYS"},"status":"ACTIVE","entryPoint":"asked","timeout":"60s","availableMemoryMb":256,"serviceAccountEmail":"asked-chul0721@appspot.gserviceaccount.com","updateTime":"2022-06-02T16:47:47.628Z","versionId":"30","labels":{"deployment-tool":"cli-firebase"},"sourceUploadUrl":"https://storage.googleapis.com/uploads-610481010012.us-central1.cloudfunctions.appspot.com/275dc580-23ef-4403-b08b-3e392409341f.zip?GoogleAccessId=service-1088788504559@gcf-admin-robot.iam.gserviceaccount.com&Expires=1654190376&Signature=a0lmdiQn4zkzWY2f%2FiI%2BVSQYxAA78v%2FdP7lTk0R2W%2BLPxnfvPA%2FTPO%2BuIHrISROfUSdt7rdBAO03%2FFpSzu1pbKprp9cx%2FYEb3NMazVNFNrnjEcpP3bmFHis%2B1DxFq59ihetyE0b%2B1riIbt%2Fp3p%2Fv7m9PjYKpIOGi9vfEvY%2FUXclsDLHfKa3modmYQAi%2BL5g7OwU3KH%2BYY4Fpk%2BBuwN8JruXxDAsxQ8HCwiNuwdNG%2F8vOrRWR86zDkeJd3r8QWYh9jLMuW%2FfAdBIgTRuMmpk7RjscpjHaj%2FptNfJMrDyfaz3J4Gz6YVlqHu1mt9qE4vMyxeuxFnIL6i93Qcqv4nluKQ%3D%3D","environmentVariables":{"DATABASE_URL":"postgresql://postgres:chul0721@chul0721.iptime.org:5432/postgres?schema=public","SECRET_KEY":"j;lkasdfjrg@35rwghusfiojvkE;GJILA;SJQFUSIFDjhsa,klfg","FIREBASE_CONFIG":"{\"projectId\":\"asked-chul0721\",\"storageBucket\":\"asked-chul0721.appspot.com\"}","GCLOUD_PROJECT":"asked-chul0721"},"runtime":"nodejs16","ingressSettings":"ALLOW_ALL","buildId":"3a5e1ebd-3bb1-4f11-9cc0-b326bf11e291","buildName":"projects/1088788504559/locations/us-central1/builds/3a5e1ebd-3bb1-4f11-9cc0-b326bf11e291","dockerRegistry":"CONTAINER_REGISTRY"},"versionId":"31","updateTime":"2022-06-02T16:49:38Z","buildId":"98db71b1-6006-493e-b301-627bbdca3da4","buildName":"projects/1088788504559/locations/us-central1/builds/98db71b1-6006-493e-b301-627bbdca3da4"}}
[debug] [2022-06-02T16:49:48.217Z] [update-default-us-central1-asked] Retrying task index 0
[debug] [2022-06-02T16:49:48.219Z] >>> [apiv2][query] GET https://cloudfunctions.googleapis.com/v1/operations/YXNrZWQtY2h1bDA3MjEvdXMtY2VudHJhbDEvYXNrZWQvT0tORVBrc0l6Rlk [none]
[debug] [2022-06-02T16:49:48.857Z] <<< [apiv2][status] GET https://cloudfunctions.googleapis.com/v1/operations/YXNrZWQtY2h1bDA3MjEvdXMtY2VudHJhbDEvYXNrZWQvT0tORVBrc0l6Rlk 200
[debug] [2022-06-02T16:49:48.858Z] <<< [apiv2][body] GET https://cloudfunctions.googleapis.com/v1/operations/YXNrZWQtY2h1bDA3MjEvdXMtY2VudHJhbDEvYXNrZWQvT0tORVBrc0l6Rlk {"name":"operations/YXNrZWQtY2h1bDA3MjEvdXMtY2VudHJhbDEvYXNrZWQvT0tORVBrc0l6Rlk","metadata":{"@type":"type.googleapis.com/google.cloud.functions.v1.OperationMetadataV1","target":"projects/asked-chul0721/locations/us-central1/functions/asked","type":"UPDATE_FUNCTION","request":{"@type":"type.googleapis.com/google.cloud.functions.v1.CloudFunction","name":"projects/asked-chul0721/locations/us-central1/functions/asked","httpsTrigger":{"url":"https://us-central1-asked-chul0721.cloudfunctions.net/asked","securityLevel":"SECURE_ALWAYS"},"status":"ACTIVE","entryPoint":"asked","timeout":"60s","availableMemoryMb":256,"serviceAccountEmail":"asked-chul0721@appspot.gserviceaccount.com","updateTime":"2022-06-02T16:47:47.628Z","versionId":"30","labels":{"deployment-tool":"cli-firebase"},"sourceUploadUrl":"https://storage.googleapis.com/uploads-610481010012.us-central1.cloudfunctions.appspot.com/275dc580-23ef-4403-b08b-3e392409341f.zip?GoogleAccessId=service-1088788504559@gcf-admin-robot.iam.gserviceaccount.com&Expires=1654190376&Signature=a0lmdiQn4zkzWY2f%2FiI%2BVSQYxAA78v%2FdP7lTk0R2W%2BLPxnfvPA%2FTPO%2BuIHrISROfUSdt7rdBAO03%2FFpSzu1pbKprp9cx%2FYEb3NMazVNFNrnjEcpP3bmFHis%2B1DxFq59ihetyE0b%2B1riIbt%2Fp3p%2Fv7m9PjYKpIOGi9vfEvY%2FUXclsDLHfKa3modmYQAi%2BL5g7OwU3KH%2BYY4Fpk%2BBuwN8JruXxDAsxQ8HCwiNuwdNG%2F8vOrRWR86zDkeJd3r8QWYh9jLMuW%2FfAdBIgTRuMmpk7RjscpjHaj%2FptNfJMrDyfaz3J4Gz6YVlqHu1mt9qE4vMyxeuxFnIL6i93Qcqv4nluKQ%3D%3D","environmentVariables":{"DATABASE_URL":"postgresql://postgres:chul0721@chul0721.iptime.org:5432/postgres?schema=public","SECRET_KEY":"j;lkasdfjrg@35rwghusfiojvkE;GJILA;SJQFUSIFDjhsa,klfg","FIREBASE_CONFIG":"{\"projectId\":\"asked-chul0721\",\"storageBucket\":\"asked-chul0721.appspot.com\"}","GCLOUD_PROJECT":"asked-chul0721"},"runtime":"nodejs16","ingressSettings":"ALLOW_ALL","buildId":"3a5e1ebd-3bb1-4f11-9cc0-b326bf11e291","buildName":"projects/1088788504559/locations/us-central1/builds/3a5e1ebd-3bb1-4f11-9cc0-b326bf11e291","dockerRegistry":"CONTAINER_REGISTRY"},"versionId":"31","updateTime":"2022-06-02T16:49:38Z","buildId":"98db71b1-6006-493e-b301-627bbdca3da4","buildName":"projects/1088788504559/locations/us-central1/builds/98db71b1-6006-493e-b301-627bbdca3da4"}}
[debug] [2022-06-02T16:49:56.860Z] [update-default-us-central1-asked] Retrying task index 0
[debug] [2022-06-02T16:49:56.861Z] >>> [apiv2][query] GET https://cloudfunctions.googleapis.com/v1/operations/YXNrZWQtY2h1bDA3MjEvdXMtY2VudHJhbDEvYXNrZWQvT0tORVBrc0l6Rlk [none]
[debug] [2022-06-02T16:49:57.324Z] <<< [apiv2][status] GET https://cloudfunctions.googleapis.com/v1/operations/YXNrZWQtY2h1bDA3MjEvdXMtY2VudHJhbDEvYXNrZWQvT0tORVBrc0l6Rlk 200
[debug] [2022-06-02T16:49:57.325Z] <<< [apiv2][body] GET https://cloudfunctions.googleapis.com/v1/operations/YXNrZWQtY2h1bDA3MjEvdXMtY2VudHJhbDEvYXNrZWQvT0tORVBrc0l6Rlk {"name":"operations/YXNrZWQtY2h1bDA3MjEvdXMtY2VudHJhbDEvYXNrZWQvT0tORVBrc0l6Rlk","metadata":{"@type":"type.googleapis.com/google.cloud.functions.v1.OperationMetadataV1","target":"projects/asked-chul0721/locations/us-central1/functions/asked","type":"UPDATE_FUNCTION","request":{"@type":"type.googleapis.com/google.cloud.functions.v1.CloudFunction","name":"projects/asked-chul0721/locations/us-central1/functions/asked","httpsTrigger":{"url":"https://us-central1-asked-chul0721.cloudfunctions.net/asked","securityLevel":"SECURE_ALWAYS"},"status":"ACTIVE","entryPoint":"asked","timeout":"60s","availableMemoryMb":256,"serviceAccountEmail":"asked-chul0721@appspot.gserviceaccount.com","updateTime":"2022-06-02T16:47:47.628Z","versionId":"30","labels":{"deployment-tool":"cli-firebase"},"sourceUploadUrl":"https://storage.googleapis.com/uploads-610481010012.us-central1.cloudfunctions.appspot.com/275dc580-23ef-4403-b08b-3e392409341f.zip?GoogleAccessId=service-1088788504559@gcf-admin-robot.iam.gserviceaccount.com&Expires=1654190376&Signature=a0lmdiQn4zkzWY2f%2FiI%2BVSQYxAA78v%2FdP7lTk0R2W%2BLPxnfvPA%2FTPO%2BuIHrISROfUSdt7rdBAO03%2FFpSzu1pbKprp9cx%2FYEb3NMazVNFNrnjEcpP3bmFHis%2B1DxFq59ihetyE0b%2B1riIbt%2Fp3p%2Fv7m9PjYKpIOGi9vfEvY%2FUXclsDLHfKa3modmYQAi%2BL5g7OwU3KH%2BYY4Fpk%2BBuwN8JruXxDAsxQ8HCwiNuwdNG%2F8vOrRWR86zDkeJd3r8QWYh9jLMuW%2FfAdBIgTRuMmpk7RjscpjHaj%2FptNfJMrDyfaz3J4Gz6YVlqHu1mt9qE4vMyxeuxFnIL6i93Qcqv4nluKQ%3D%3D","environmentVariables":{"DATABASE_URL":"postgresql://postgres:chul0721@chul0721.iptime.org:5432/postgres?schema=public","SECRET_KEY":"j;lkasdfjrg@35rwghusfiojvkE;GJILA;SJQFUSIFDjhsa,klfg","FIREBASE_CONFIG":"{\"projectId\":\"asked-chul0721\",\"storageBucket\":\"asked-chul0721.appspot.com\"}","GCLOUD_PROJECT":"asked-chul0721"},"runtime":"nodejs16","ingressSettings":"ALLOW_ALL","buildId":"3a5e1ebd-3bb1-4f11-9cc0-b326bf11e291","buildName":"projects/1088788504559/locations/us-central1/builds/3a5e1ebd-3bb1-4f11-9cc0-b326bf11e291","dockerRegistry":"CONTAINER_REGISTRY"},"versionId":"31","updateTime":"2022-06-02T16:49:38Z","buildId":"98db71b1-6006-493e-b301-627bbdca3da4","buildName":"projects/1088788504559/locations/us-central1/builds/98db71b1-6006-493e-b301-627bbdca3da4"}}
[debug] [2022-06-02T16:50:07.327Z] [update-default-us-central1-asked] Retrying task index 0
[debug] [2022-06-02T16:50:07.328Z] >>> [apiv2][query] GET https://cloudfunctions.googleapis.com/v1/operations/YXNrZWQtY2h1bDA3MjEvdXMtY2VudHJhbDEvYXNrZWQvT0tORVBrc0l6Rlk [none]
[debug] [2022-06-02T16:50:07.974Z] <<< [apiv2][status] GET https://cloudfunctions.googleapis.com/v1/operations/YXNrZWQtY2h1bDA3MjEvdXMtY2VudHJhbDEvYXNrZWQvT0tORVBrc0l6Rlk 200
[debug] [2022-06-02T16:50:07.975Z] <<< [apiv2][body] GET https://cloudfunctions.googleapis.com/v1/operations/YXNrZWQtY2h1bDA3MjEvdXMtY2VudHJhbDEvYXNrZWQvT0tORVBrc0l6Rlk {"name":"operations/YXNrZWQtY2h1bDA3MjEvdXMtY2VudHJhbDEvYXNrZWQvT0tORVBrc0l6Rlk","metadata":{"@type":"type.googleapis.com/google.cloud.functions.v1.OperationMetadataV1","target":"projects/asked-chul0721/locations/us-central1/functions/asked","type":"UPDATE_FUNCTION","request":{"@type":"type.googleapis.com/google.cloud.functions.v1.CloudFunction","name":"projects/asked-chul0721/locations/us-central1/functions/asked","httpsTrigger":{"url":"https://us-central1-asked-chul0721.cloudfunctions.net/asked","securityLevel":"SECURE_ALWAYS"},"status":"ACTIVE","entryPoint":"asked","timeout":"60s","availableMemoryMb":256,"serviceAccountEmail":"asked-chul0721@appspot.gserviceaccount.com","updateTime":"2022-06-02T16:47:47.628Z","versionId":"30","labels":{"deployment-tool":"cli-firebase"},"sourceUploadUrl":"https://storage.googleapis.com/uploads-610481010012.us-central1.cloudfunctions.appspot.com/275dc580-23ef-4403-b08b-3e392409341f.zip?GoogleAccessId=service-1088788504559@gcf-admin-robot.iam.gserviceaccount.com&Expires=1654190376&Signature=a0lmdiQn4zkzWY2f%2FiI%2BVSQYxAA78v%2FdP7lTk0R2W%2BLPxnfvPA%2FTPO%2BuIHrISROfUSdt7rdBAO03%2FFpSzu1pbKprp9cx%2FYEb3NMazVNFNrnjEcpP3bmFHis%2B1DxFq59ihetyE0b%2B1riIbt%2Fp3p%2Fv7m9PjYKpIOGi9vfEvY%2FUXclsDLHfKa3modmYQAi%2BL5g7OwU3KH%2BYY4Fpk%2BBuwN8JruXxDAsxQ8HCwiNuwdNG%2F8vOrRWR86zDkeJd3r8QWYh9jLMuW%2FfAdBIgTRuMmpk7RjscpjHaj%2FptNfJMrDyfaz3J4Gz6YVlqHu1mt9qE4vMyxeuxFnIL6i93Qcqv4nluKQ%3D%3D","environmentVariables":{"DATABASE_URL":"postgresql://postgres:chul0721@chul0721.iptime.org:5432/postgres?schema=public","SECRET_KEY":"j;lkasdfjrg@35rwghusfiojvkE;GJILA;SJQFUSIFDjhsa,klfg","FIREBASE_CONFIG":"{\"projectId\":\"asked-chul0721\",\"storageBucket\":\"asked-chul0721.appspot.com\"}","GCLOUD_PROJECT":"asked-chul0721"},"runtime":"nodejs16","ingressSettings":"ALLOW_ALL","buildId":"3a5e1ebd-3bb1-4f11-9cc0-b326bf11e291","buildName":"projects/1088788504559/locations/us-central1/builds/3a5e1ebd-3bb1-4f11-9cc0-b326bf11e291","dockerRegistry":"CONTAINER_REGISTRY"},"versionId":"31","updateTime":"2022-06-02T16:49:38Z","buildId":"98db71b1-6006-493e-b301-627bbdca3da4","buildName":"projects/1088788504559/locations/us-central1/builds/98db71b1-6006-493e-b301-627bbdca3da4"}}
[debug] [2022-06-02T16:50:17.977Z] [update-default-us-central1-asked] Retrying task index 0
[debug] [2022-06-02T16:50:17.977Z] >>> [apiv2][query] GET https://cloudfunctions.googleapis.com/v1/operations/YXNrZWQtY2h1bDA3MjEvdXMtY2VudHJhbDEvYXNrZWQvT0tORVBrc0l6Rlk [none]
[debug] [2022-06-02T16:50:18.602Z] <<< [apiv2][status] GET https://cloudfunctions.googleapis.com/v1/operations/YXNrZWQtY2h1bDA3MjEvdXMtY2VudHJhbDEvYXNrZWQvT0tORVBrc0l6Rlk 200
[debug] [2022-06-02T16:50:18.602Z] <<< [apiv2][body] GET https://cloudfunctions.googleapis.com/v1/operations/YXNrZWQtY2h1bDA3MjEvdXMtY2VudHJhbDEvYXNrZWQvT0tORVBrc0l6Rlk {"name":"operations/YXNrZWQtY2h1bDA3MjEvdXMtY2VudHJhbDEvYXNrZWQvT0tORVBrc0l6Rlk","metadata":{"@type":"type.googleapis.com/google.cloud.functions.v1.OperationMetadataV1","target":"projects/asked-chul0721/locations/us-central1/functions/asked","type":"UPDATE_FUNCTION","request":{"@type":"type.googleapis.com/google.cloud.functions.v1.CloudFunction","name":"projects/asked-chul0721/locations/us-central1/functions/asked","httpsTrigger":{"url":"https://us-central1-asked-chul0721.cloudfunctions.net/asked","securityLevel":"SECURE_ALWAYS"},"status":"ACTIVE","entryPoint":"asked","timeout":"60s","availableMemoryMb":256,"serviceAccountEmail":"asked-chul0721@appspot.gserviceaccount.com","updateTime":"2022-06-02T16:47:47.628Z","versionId":"30","labels":{"deployment-tool":"cli-firebase"},"sourceUploadUrl":"https://storage.googleapis.com/uploads-610481010012.us-central1.cloudfunctions.appspot.com/275dc580-23ef-4403-b08b-3e392409341f.zip?GoogleAccessId=service-1088788504559@gcf-admin-robot.iam.gserviceaccount.com&Expires=1654190376&Signature=a0lmdiQn4zkzWY2f%2FiI%2BVSQYxAA78v%2FdP7lTk0R2W%2BLPxnfvPA%2FTPO%2BuIHrISROfUSdt7rdBAO03%2FFpSzu1pbKprp9cx%2FYEb3NMazVNFNrnjEcpP3bmFHis%2B1DxFq59ihetyE0b%2B1riIbt%2Fp3p%2Fv7m9PjYKpIOGi9vfEvY%2FUXclsDLHfKa3modmYQAi%2BL5g7OwU3KH%2BYY4Fpk%2BBuwN8JruXxDAsxQ8HCwiNuwdNG%2F8vOrRWR86zDkeJd3r8QWYh9jLMuW%2FfAdBIgTRuMmpk7RjscpjHaj%2FptNfJMrDyfaz3J4Gz6YVlqHu1mt9qE4vMyxeuxFnIL6i93Qcqv4nluKQ%3D%3D","environmentVariables":{"DATABASE_URL":"postgresql://postgres:chul0721@chul0721.iptime.org:5432/postgres?schema=public","SECRET_KEY":"j;lkasdfjrg@35rwghusfiojvkE;GJILA;SJQFUSIFDjhsa,klfg","FIREBASE_CONFIG":"{\"projectId\":\"asked-chul0721\",\"storageBucket\":\"asked-chul0721.appspot.com\"}","GCLOUD_PROJECT":"asked-chul0721"},"runtime":"nodejs16","ingressSettings":"ALLOW_ALL","buildId":"3a5e1ebd-3bb1-4f11-9cc0-b326bf11e291","buildName":"projects/1088788504559/locations/us-central1/builds/3a5e1ebd-3bb1-4f11-9cc0-b326bf11e291","dockerRegistry":"CONTAINER_REGISTRY"},"versionId":"31","updateTime":"2022-06-02T16:49:38Z","buildId":"98db71b1-6006-493e-b301-627bbdca3da4","buildName":"projects/1088788504559/locations/us-central1/builds/98db71b1-6006-493e-b301-627bbdca3da4"}}
[debug] [2022-06-02T16:50:28.604Z] [update-default-us-central1-asked] Retrying task index 0
[debug] [2022-06-02T16:50:28.605Z] >>> [apiv2][query] GET https://cloudfunctions.googleapis.com/v1/operations/YXNrZWQtY2h1bDA3MjEvdXMtY2VudHJhbDEvYXNrZWQvT0tORVBrc0l6Rlk [none]
[debug] [2022-06-02T16:50:29.271Z] <<< [apiv2][status] GET https://cloudfunctions.googleapis.com/v1/operations/YXNrZWQtY2h1bDA3MjEvdXMtY2VudHJhbDEvYXNrZWQvT0tORVBrc0l6Rlk 200
[debug] [2022-06-02T16:50:29.271Z] <<< [apiv2][body] GET https://cloudfunctions.googleapis.com/v1/operations/YXNrZWQtY2h1bDA3MjEvdXMtY2VudHJhbDEvYXNrZWQvT0tORVBrc0l6Rlk {"name":"operations/YXNrZWQtY2h1bDA3MjEvdXMtY2VudHJhbDEvYXNrZWQvT0tORVBrc0l6Rlk","metadata":{"@type":"type.googleapis.com/google.cloud.functions.v1.OperationMetadataV1","target":"projects/asked-chul0721/locations/us-central1/functions/asked","type":"UPDATE_FUNCTION","request":{"@type":"type.googleapis.com/google.cloud.functions.v1.CloudFunction","name":"projects/asked-chul0721/locations/us-central1/functions/asked","httpsTrigger":{"url":"https://us-central1-asked-chul0721.cloudfunctions.net/asked","securityLevel":"SECURE_ALWAYS"},"status":"ACTIVE","entryPoint":"asked","timeout":"60s","availableMemoryMb":256,"serviceAccountEmail":"asked-chul0721@appspot.gserviceaccount.com","updateTime":"2022-06-02T16:47:47.628Z","versionId":"30","labels":{"deployment-tool":"cli-firebase"},"sourceUploadUrl":"https://storage.googleapis.com/uploads-610481010012.us-central1.cloudfunctions.appspot.com/275dc580-23ef-4403-b08b-3e392409341f.zip?GoogleAccessId=service-1088788504559@gcf-admin-robot.iam.gserviceaccount.com&Expires=1654190376&Signature=a0lmdiQn4zkzWY2f%2FiI%2BVSQYxAA78v%2FdP7lTk0R2W%2BLPxnfvPA%2FTPO%2BuIHrISROfUSdt7rdBAO03%2FFpSzu1pbKprp9cx%2FYEb3NMazVNFNrnjEcpP3bmFHis%2B1DxFq59ihetyE0b%2B1riIbt%2Fp3p%2Fv7m9PjYKpIOGi9vfEvY%2FUXclsDLHfKa3modmYQAi%2BL5g7OwU3KH%2BYY4Fpk%2BBuwN8JruXxDAsxQ8HCwiNuwdNG%2F8vOrRWR86zDkeJd3r8QWYh9jLMuW%2FfAdBIgTRuMmpk7RjscpjHaj%2FptNfJMrDyfaz3J4Gz6YVlqHu1mt9qE4vMyxeuxFnIL6i93Qcqv4nluKQ%3D%3D","environmentVariables":{"DATABASE_URL":"postgresql://postgres:chul0721@chul0721.iptime.org:5432/postgres?schema=public","SECRET_KEY":"j;lkasdfjrg@35rwghusfiojvkE;GJILA;SJQFUSIFDjhsa,klfg","FIREBASE_CONFIG":"{\"projectId\":\"asked-chul0721\",\"storageBucket\":\"asked-chul0721.appspot.com\"}","GCLOUD_PROJECT":"asked-chul0721"},"runtime":"nodejs16","ingressSettings":"ALLOW_ALL","buildId":"3a5e1ebd-3bb1-4f11-9cc0-b326bf11e291","buildName":"projects/1088788504559/locations/us-central1/builds/3a5e1ebd-3bb1-4f11-9cc0-b326bf11e291","dockerRegistry":"CONTAINER_REGISTRY"},"versionId":"31","updateTime":"2022-06-02T16:49:38Z","buildId":"98db71b1-6006-493e-b301-627bbdca3da4","buildName":"projects/1088788504559/locations/us-central1/builds/98db71b1-6006-493e-b301-627bbdca3da4"}}
[debug] [2022-06-02T16:50:39.273Z] [update-default-us-central1-asked] Retrying task index 0
[debug] [2022-06-02T16:50:39.274Z] >>> [apiv2][query] GET https://cloudfunctions.googleapis.com/v1/operations/YXNrZWQtY2h1bDA3MjEvdXMtY2VudHJhbDEvYXNrZWQvT0tORVBrc0l6Rlk [none]
[debug] [2022-06-02T16:50:39.930Z] <<< [apiv2][status] GET https://cloudfunctions.googleapis.com/v1/operations/YXNrZWQtY2h1bDA3MjEvdXMtY2VudHJhbDEvYXNrZWQvT0tORVBrc0l6Rlk 200
[debug] [2022-06-02T16:50:39.930Z] <<< [apiv2][body] GET https://cloudfunctions.googleapis.com/v1/operations/YXNrZWQtY2h1bDA3MjEvdXMtY2VudHJhbDEvYXNrZWQvT0tORVBrc0l6Rlk {"name":"operations/YXNrZWQtY2h1bDA3MjEvdXMtY2VudHJhbDEvYXNrZWQvT0tORVBrc0l6Rlk","metadata":{"@type":"type.googleapis.com/google.cloud.functions.v1.OperationMetadataV1","target":"projects/asked-chul0721/locations/us-central1/functions/asked","type":"UPDATE_FUNCTION","request":{"@type":"type.googleapis.com/google.cloud.functions.v1.CloudFunction","name":"projects/asked-chul0721/locations/us-central1/functions/asked","httpsTrigger":{"url":"https://us-central1-asked-chul0721.cloudfunctions.net/asked","securityLevel":"SECURE_ALWAYS"},"status":"ACTIVE","entryPoint":"asked","timeout":"60s","availableMemoryMb":256,"serviceAccountEmail":"asked-chul0721@appspot.gserviceaccount.com","updateTime":"2022-06-02T16:47:47.628Z","versionId":"30","labels":{"deployment-tool":"cli-firebase"},"sourceUploadUrl":"https://storage.googleapis.com/uploads-610481010012.us-central1.cloudfunctions.appspot.com/275dc580-23ef-4403-b08b-3e392409341f.zip?GoogleAccessId=service-1088788504559@gcf-admin-robot.iam.gserviceaccount.com&Expires=1654190376&Signature=a0lmdiQn4zkzWY2f%2FiI%2BVSQYxAA78v%2FdP7lTk0R2W%2BLPxnfvPA%2FTPO%2BuIHrISROfUSdt7rdBAO03%2FFpSzu1pbKprp9cx%2FYEb3NMazVNFNrnjEcpP3bmFHis%2B1DxFq59ihetyE0b%2B1riIbt%2Fp3p%2Fv7m9PjYKpIOGi9vfEvY%2FUXclsDLHfKa3modmYQAi%2BL5g7OwU3KH%2BYY4Fpk%2BBuwN8JruXxDAsxQ8HCwiNuwdNG%2F8vOrRWR86zDkeJd3r8QWYh9jLMuW%2FfAdBIgTRuMmpk7RjscpjHaj%2FptNfJMrDyfaz3J4Gz6YVlqHu1mt9qE4vMyxeuxFnIL6i93Qcqv4nluKQ%3D%3D","environmentVariables":{"DATABASE_URL":"postgresql://postgres:chul0721@chul0721.iptime.org:5432/postgres?schema=public","SECRET_KEY":"j;lkasdfjrg@35rwghusfiojvkE;GJILA;SJQFUSIFDjhsa,klfg","FIREBASE_CONFIG":"{\"projectId\":\"asked-chul0721\",\"storageBucket\":\"asked-chul0721.appspot.com\"}","GCLOUD_PROJECT":"asked-chul0721"},"runtime":"nodejs16","ingressSettings":"ALLOW_ALL","buildId":"3a5e1ebd-3bb1-4f11-9cc0-b326bf11e291","buildName":"projects/1088788504559/locations/us-central1/builds/3a5e1ebd-3bb1-4f11-9cc0-b326bf11e291","dockerRegistry":"CONTAINER_REGISTRY"},"versionId":"31","updateTime":"2022-06-02T16:49:38Z","buildId":"98db71b1-6006-493e-b301-627bbdca3da4","buildName":"projects/1088788504559/locations/us-central1/builds/98db71b1-6006-493e-b301-627bbdca3da4"}}
